<?xml version="1.0" encoding="UTF-8"?>
<testng-results skipped="0" failed="0" total="1" passed="1">
  <reporter-output>
  </reporter-output>
  <suite name="Suite" duration-ms="8381" started-at="2021-10-08T06:38:43Z" finished-at="2021-10-08T06:38:51Z">
    <groups>
    </groups>
    <test name="Test" duration-ms="8381" started-at="2021-10-08T06:38:43Z" finished-at="2021-10-08T06:38:51Z">
      <class name="testNG.seleniumtest">
        <test-method status="PASS" signature="beforeMethod()[pri:0, instance:testNG.seleniumtest@48140564]" name="beforeMethod" is-config="true" duration-ms="5" started-at="2021-10-08T01:38:43Z" finished-at="2021-10-08T01:38:43Z">
          <reporter-output>
          </reporter-output>
        </test-method> <!-- beforeMethod -->
        <test-method status="PASS" signature="f()[pri:0, instance:testNG.seleniumtest@48140564]" name="f" duration-ms="6244" started-at="2021-10-08T01:38:43Z" finished-at="2021-10-08T01:38:49Z">
          <reporter-output>
          </reporter-output>
        </test-method> <!-- f -->
        <test-method status="PASS" signature="afterMethod()[pri:0, instance:testNG.seleniumtest@48140564]" name="afterMethod" is-config="true" duration-ms="2122" started-at="2021-10-08T01:38:49Z" finished-at="2021-10-08T01:38:51Z">
          <reporter-output>
          </reporter-output>
        </test-method> <!-- afterMethod -->
      </class> <!-- testNG.seleniumtest -->
    </test> <!-- Test -->
  </suite> <!-- Suite -->
</testng-results>
